<?xml version="1.0" encoding="UTF-8"?>
<testsuite name="com.gabesz79.performance_app_backend.PerformanceAppBackendApplicationTests" tests="1" skipped="0" failures="0" errors="0" timestamp="2025-09-22T12:01:22.062Z" hostname="runnervmf4ws1" time="0.536">
  <properties/>
  <testcase name="contextLoads()" classname="com.gabesz79.performance_app_backend.PerformanceAppBackendApplicationTests" time="0.536"/>
  <system-out><![CDATA[12:01:18.927 [Test worker] INFO org.springframework.test.context.support.AnnotationConfigContextLoaderUtils -- Could not detect default configuration classes for test class [com.gabesz79.performance_app_backend.PerformanceAppBackendApplicationTests]: PerformanceAppBackendApplicationTests does not declare any static, non-private, non-final, nested classes annotated with @Configuration.
12:01:19.013 [Test worker] INFO org.springframework.boot.test.context.SpringBootTestContextBootstrapper -- Found @SpringBootConfiguration com.gabesz79.performance_app_backend.PerformanceAppBackendApplication for test class com.gabesz79.performance_app_backend.PerformanceAppBackendApplicationTests

  .   ____          _            __ _ _
 /\\ / ___'_ __ _ _(_)_ __  __ _ \ \ \ \
( ( )\___ | '_ | '_| | '_ \/ _` | \ \ \ \
 \\/  ___)| |_)| | | | | || (_| |  ) ) ) )
  '  |____| .__|_| |_|_| |_\__, | / / / /
 =========|_|==============|___/=/_/_/_/

 :: Spring Boot ::                (v3.5.6)

2025-09-22T12:01:19.527Z  INFO 2333 --- [performance-app-backend] [    Test worker] .p.PerformanceAppBackendApplicationTests : Starting PerformanceAppBackendApplicationTests using Java 21.0.8 with PID 2333 (started by runner in /home/runner/work/performance-app-backend/performance-app-backend)
2025-09-22T12:01:19.528Z  INFO 2333 --- [performance-app-backend] [    Test worker] .p.PerformanceAppBackendApplicationTests : No active profile set, falling back to 1 default profile: "default"
2025-09-22T12:01:20.153Z  INFO 2333 --- [performance-app-backend] [    Test worker] .s.d.r.c.RepositoryConfigurationDelegate : Bootstrapping Spring Data JPA repositories in DEFAULT mode.
2025-09-22T12:01:20.176Z  INFO 2333 --- [performance-app-backend] [    Test worker] .s.d.r.c.RepositoryConfigurationDelegate : Finished Spring Data repository scanning in 10 ms. Found 0 JPA repository interfaces.
2025-09-22T12:01:20.575Z  INFO 2333 --- [performance-app-backend] [    Test worker] com.zaxxer.hikari.HikariDataSource       : HikariPool-1 - Starting...
2025-09-22T12:01:20.748Z  INFO 2333 --- [performance-app-backend] [    Test worker] com.zaxxer.hikari.pool.HikariPool        : HikariPool-1 - Added connection conn0: url=jdbc:h2:mem:eff5a5f3-06c4-4eaa-8163-1f532ba29d37 user=SA
2025-09-22T12:01:20.750Z  INFO 2333 --- [performance-app-backend] [    Test worker] com.zaxxer.hikari.HikariDataSource       : HikariPool-1 - Start completed.
2025-09-22T12:01:20.793Z  INFO 2333 --- [performance-app-backend] [    Test worker] org.flywaydb.core.FlywayExecutor         : Database: jdbc:h2:mem:eff5a5f3-06c4-4eaa-8163-1f532ba29d37 (H2 2.3)
2025-09-22T12:01:20.812Z  INFO 2333 --- [performance-app-backend] [    Test worker] o.f.c.i.s.JdbcTableSchemaHistory         : Schema history table "PUBLIC"."flyway_schema_history" does not exist yet
2025-09-22T12:01:20.814Z  INFO 2333 --- [performance-app-backend] [    Test worker] o.f.core.internal.command.DbValidate     : Successfully validated 0 migrations (execution time 00:00.006s)
2025-09-22T12:01:20.814Z  WARN 2333 --- [performance-app-backend] [    Test worker] o.f.core.internal.command.DbValidate     : No migrations found. Are your locations set up correctly?
2025-09-22T12:01:20.821Z  INFO 2333 --- [performance-app-backend] [    Test worker] o.f.c.i.s.JdbcTableSchemaHistory         : Creating Schema History table "PUBLIC"."flyway_schema_history" ...
2025-09-22T12:01:20.861Z  INFO 2333 --- [performance-app-backend] [    Test worker] o.f.core.internal.command.DbMigrate      : Current version of schema "PUBLIC": << Empty Schema >>
2025-09-22T12:01:20.864Z  INFO 2333 --- [performance-app-backend] [    Test worker] o.f.core.internal.command.DbMigrate      : Schema "PUBLIC" is up to date. No migration necessary.
2025-09-22T12:01:20.948Z  INFO 2333 --- [performance-app-backend] [    Test worker] o.hibernate.jpa.internal.util.LogHelper  : HHH000204: Processing PersistenceUnitInfo [name: default]
2025-09-22T12:01:20.991Z  INFO 2333 --- [performance-app-backend] [    Test worker] org.hibernate.Version                    : HHH000412: Hibernate ORM core version 6.6.29.Final
2025-09-22T12:01:21.020Z  INFO 2333 --- [performance-app-backend] [    Test worker] o.h.c.internal.RegionFactoryInitiator    : HHH000026: Second-level cache disabled
2025-09-22T12:01:21.227Z  INFO 2333 --- [performance-app-backend] [    Test worker] o.s.o.j.p.SpringPersistenceUnitInfo      : No LoadTimeWeaver setup: ignoring JPA class transformer
2025-09-22T12:01:21.306Z  INFO 2333 --- [performance-app-backend] [    Test worker] org.hibernate.orm.connections.pooling    : HHH10001005: Database info:
	Database JDBC URL [Connecting through datasource 'HikariDataSource (HikariPool-1)']
	Database driver: undefined/unknown
	Database version: 2.3.232
	Autocommit mode: undefined/unknown
	Isolation level: undefined/unknown
	Minimum pool size: undefined/unknown
	Maximum pool size: undefined/unknown
2025-09-22T12:01:21.517Z  INFO 2333 --- [performance-app-backend] [    Test worker] o.h.e.t.j.p.i.JtaPlatformInitiator       : HHH000489: No JTA platform available (set 'hibernate.transaction.jta.platform' to enable JTA platform integration)
2025-09-22T12:01:21.520Z  INFO 2333 --- [performance-app-backend] [    Test worker] j.LocalContainerEntityManagerFactoryBean : Initialized JPA EntityManagerFactory for persistence unit 'default'
2025-09-22T12:01:21.640Z  WARN 2333 --- [performance-app-backend] [    Test worker] JpaBaseConfiguration$JpaWebConfiguration : spring.jpa.open-in-view is enabled by default. Therefore, database queries may be performed during view rendering. Explicitly configure spring.jpa.open-in-view to disable this warning
2025-09-22T12:01:22.046Z  INFO 2333 --- [performance-app-backend] [    Test worker] .p.PerformanceAppBackendApplicationTests : Started PerformanceAppBackendApplicationTests in 2.888 seconds (process running for 3.832)
]]></system-out>
  <system-err><![CDATA[Mockito is currently self-attaching to enable the inline-mock-maker. This will no longer work in future releases of the JDK. Please add Mockito as an agent to your build as described in Mockito's documentation: https://javadoc.io/doc/org.mockito/mockito-core/latest/org.mockito/org/mockito/Mockito.html#0.3
WARNING: A Java agent has been loaded dynamically (/home/runner/.gradle/caches/modules-2/files-2.1/net.bytebuddy/byte-buddy-agent/1.17.7/fbf3d6d649ed37fc9e9c59480a05be0a26e3c2da/byte-buddy-agent-1.17.7.jar)
WARNING: If a serviceability tool is in use, please run with -XX:+EnableDynamicAgentLoading to hide this warning
WARNING: If a serviceability tool is not in use, please run with -Djdk.instrument.traceUsage for more information
WARNING: Dynamic loading of agents will be disallowed by default in a future release
]]></system-err>
</testsuite>
